PLINK v1.90b6.16 64-bit (17 Feb 2020)
Options in effect:
  --bfile /media/mireia/HardDiskHDD/Documentos/Universidad/Master_Bioinformatica_UOC/Curso_21_22/SEMESTRE_2/TFM/GWAS_IMPUTATION/GWAS_GRANADA/1_GWAS_GR_HELIX_protocol/GWAS_PROCESSING/2_Outputs/GWAS_PUBMEP_hg19_binary
  --freq
  --out /media/mireia/HardDiskHDD/Documentos/Universidad/Master_Bioinformatica_UOC/Curso_21_22/SEMESTRE_2/TFM/GWAS_IMPUTATION/GWAS_GRANADA/1_GWAS_GR_HELIX_protocol/GWAS_PROCESSING/2_Outputs/runImputation/GWAS_PUBMEP_hg19_binary

Hostname: mireia-PE60-7RD
Working directory: /home/mireia
Start time: Sun Apr 10 17:50:50 2022

Random number seed: 1652197850
15922 MB RAM detected; reserving 7961 MB for main workspace.
651563 variants loaded from .bim file.
144 people (67 males, 71 females, 6 ambiguous) loaded from .fam.
Ambiguous sex IDs written to
/media/mireia/HardDiskHDD/Documentos/Universidad/Master_Bioinformatica_UOC/Curso_21_22/SEMESTRE_2/TFM/GWAS_IMPUTATION/GWAS_GRANADA/1_GWAS_GR_HELIX_protocol/GWAS_PROCESSING/2_Outputs/runImputation/GWAS_PUBMEP_hg19_binary.nosex
.
129 phenotype values loaded from .fam.
Using 1 thread (no multithreaded calculations invoked).
Before main variant filters, 144 founders and 0 nonfounders present.
Calculating allele frequencies... done.
Warning: 718 het. haploid genotypes present (see
/media/mireia/HardDiskHDD/Documentos/Universidad/Master_Bioinformatica_UOC/Curso_21_22/SEMESTRE_2/TFM/GWAS_IMPUTATION/GWAS_GRANADA/1_GWAS_GR_HELIX_protocol/GWAS_PROCESSING/2_Outputs/runImputation/GWAS_PUBMEP_hg19_binary.hh
); many commands treat these as missing.
Warning: Nonmissing nonmale Y chromosome genotype(s) present; many commands
treat these as missing.
Total genotyping rate is 0.992539.
--freq: Allele frequencies (founders only) written to
/media/mireia/HardDiskHDD/Documentos/Universidad/Master_Bioinformatica_UOC/Curso_21_22/SEMESTRE_2/TFM/GWAS_IMPUTATION/GWAS_GRANADA/1_GWAS_GR_HELIX_protocol/GWAS_PROCESSING/2_Outputs/runImputation/GWAS_PUBMEP_hg19_binary.frq
.

End time: Tue May 10 17:50:50 2022
